2021-12-07 05:00:19,663 INFO o.a.j.u.JMeterUtils: Setting Locale to en_EN
2021-12-07 05:00:19,696 INFO o.a.j.JMeter: Loading user properties from: /home/ikhsannetwork/apache-jmeter-5.4.1/bin/user.properties
2021-12-07 05:00:19,696 INFO o.a.j.JMeter: Loading system properties from: /home/ikhsannetwork/apache-jmeter-5.4.1/bin/system.properties
2021-12-07 05:00:19,697 INFO o.a.j.JMeter: Setting JMeter property: jmeter.reportgenerator.apdex_satisfied_threshold=2000
2021-12-07 05:00:19,697 INFO o.a.j.JMeter: Setting JMeter property: jmeter.reportgenerator.apdex_tolerated_threshold=4000
2021-12-07 05:00:19,706 INFO o.a.j.JMeter: Copyright (c) 1998-2021 The Apache Software Foundation
2021-12-07 05:00:19,706 INFO o.a.j.JMeter: Version 5.4.1
2021-12-07 05:00:19,707 INFO o.a.j.JMeter: java.version=11.0.11
2021-12-07 05:00:19,707 INFO o.a.j.JMeter: java.vm.name=OpenJDK 64-Bit Server VM
2021-12-07 05:00:19,707 INFO o.a.j.JMeter: os.name=Linux
2021-12-07 05:00:19,707 INFO o.a.j.JMeter: os.arch=amd64
2021-12-07 05:00:19,707 INFO o.a.j.JMeter: os.version=5.8.0-1038-gcp
2021-12-07 05:00:19,707 INFO o.a.j.JMeter: file.encoding=UTF-8
2021-12-07 05:00:19,707 INFO o.a.j.JMeter: java.awt.headless=true
2021-12-07 05:00:19,707 INFO o.a.j.JMeter: Max memory     =1073741824
2021-12-07 05:00:19,708 INFO o.a.j.JMeter: Available Processors =16
2021-12-07 05:00:19,717 INFO o.a.j.JMeter: Default Locale=English (EN)
2021-12-07 05:00:19,718 INFO o.a.j.JMeter: JMeter  Locale=English (EN)
2021-12-07 05:00:19,718 INFO o.a.j.JMeter: JMeterHome=/home/ikhsannetwork/apache-jmeter-5.4.1
2021-12-07 05:00:19,718 INFO o.a.j.JMeter: user.dir  =/home/ikhsannetwork/stress-test
2021-12-07 05:00:19,718 INFO o.a.j.JMeter: PWD       =/home/ikhsannetwork/stress-test
2021-12-07 05:00:19,720 INFO o.a.j.JMeter: IP: 10.184.0.8 Name: ce-build-app FullName: ce-build-app.asia-southeast2-a.c.allcare-systems.internal
2021-12-07 05:00:19,724 INFO o.a.j.JMeter: Setting property 'jmeter.reportgenerator.outputdir' to:'/home/ikhsannetwork/stress-test/./ReportJmeterHTML_2'
2021-12-07 05:00:19,730 INFO o.a.j.r.d.ReportGenerator: ReportGenerator will use for Parsing the separator: ','
2021-12-07 05:00:19,730 INFO o.a.j.r.d.ReportGenerator: Will only generate report from results file: ./report.jtl
2021-12-07 05:00:19,730 INFO o.a.j.r.d.ReportGenerator: Reading report generator properties from: /home/ikhsannetwork/apache-jmeter-5.4.1/bin/reportgenerator.properties
2021-12-07 05:00:19,731 INFO o.a.j.r.d.ReportGenerator: Merging with JMeter properties
2021-12-07 05:00:19,739 INFO o.a.j.r.c.ReportGeneratorConfiguration: Property 'jmeter.reportgenerator.temp_dir' not found, using default value 'temp' instead.
2021-12-07 05:00:19,743 INFO o.a.j.r.c.ReportGeneratorConfiguration: Property 'jmeter.reportgenerator.apdex_per_transaction' not found, using default value 'null' instead.
2021-12-07 05:00:19,750 INFO o.a.j.r.c.ReportGeneratorConfiguration: apdex_per_transaction is empty, not APDEX per transaction customization
2021-12-07 05:00:19,750 INFO o.a.j.r.c.ReportGeneratorConfiguration: Property 'jmeter.reportgenerator.sample_filter' not found, using default value 'null' instead.
2021-12-07 05:00:19,750 INFO o.a.j.r.c.ReportGeneratorConfiguration: Property 'jmeter.reportgenerator.report_title' not found, using default value 'null' instead.
2021-12-07 05:00:19,750 INFO o.a.j.r.c.ReportGeneratorConfiguration: Property 'jmeter.reportgenerator.start_date' not found, using default value 'null' instead.
2021-12-07 05:00:19,750 INFO o.a.j.r.c.ReportGeneratorConfiguration: Property 'jmeter.reportgenerator.end_date' not found, using default value 'null' instead.
2021-12-07 05:00:19,751 INFO o.a.j.r.c.ReportGeneratorConfiguration: Property 'jmeter.reportgenerator.date_format' not found, using default value 'null' instead.
2021-12-07 05:00:19,751 INFO o.a.j.r.c.ReportGeneratorConfiguration: Will use date range start date: null, end date: null
2021-12-07 05:00:19,756 INFO o.a.j.r.c.ReportGeneratorConfiguration: Property 'jmeter.reportgenerator.graph.totalTPS.exclude_controllers' not found, using default value 'false' instead.
2021-12-07 05:00:19,756 INFO o.a.j.r.c.ReportGeneratorConfiguration: Property 'jmeter.reportgenerator.graph.activeThreadsOverTime.exclude_controllers' not found, using default value 'false' instead.
2021-12-07 05:00:19,756 INFO o.a.j.r.c.ReportGeneratorConfiguration: Property 'jmeter.reportgenerator.graph.timeVsThreads.exclude_controllers' not found, using default value 'false' instead.
2021-12-07 05:00:19,756 INFO o.a.j.r.c.ReportGeneratorConfiguration: Property 'jmeter.reportgenerator.graph.responseTimeDistribution.exclude_controllers' not found, using default value 'false' instead.
2021-12-07 05:00:19,757 INFO o.a.j.r.c.ReportGeneratorConfiguration: Property 'jmeter.reportgenerator.graph.transactionsPerSecond.exclude_controllers' not found, using default value 'false' instead.
2021-12-07 05:00:19,757 INFO o.a.j.r.c.ReportGeneratorConfiguration: Property 'jmeter.reportgenerator.graph.responseTimePercentiles.exclude_controllers' not found, using default value 'false' instead.
2021-12-07 05:00:19,757 INFO o.a.j.r.c.ReportGeneratorConfiguration: Property 'jmeter.reportgenerator.graph.responseTimePercentilesOverTime.exclude_controllers' not found, using default value 'false' instead.
2021-12-07 05:00:19,758 INFO o.a.j.r.c.ReportGeneratorConfiguration: Property 'jmeter.reportgenerator.graph.responseTimesOverTime.exclude_controllers' not found, using default value 'false' instead.
2021-12-07 05:00:19,758 INFO o.a.j.r.c.ReportGeneratorConfiguration: Property 'jmeter.reportgenerator.graph.connectTimeOverTime.exclude_controllers' not found, using default value 'false' instead.
2021-12-07 05:00:19,758 INFO o.a.j.r.c.ReportGeneratorConfiguration: Property 'jmeter.reportgenerator.graph.latenciesOverTime.exclude_controllers' not found, using default value 'false' instead.
2021-12-07 05:00:19,760 INFO o.a.j.r.c.ReportGeneratorConfiguration: Property 'jmeter.reportgenerator.exporter.json.filters_only_sample_series' not found, using default value 'true' instead.
2021-12-07 05:00:19,760 INFO o.a.j.r.c.ReportGeneratorConfiguration: Property 'jmeter.reportgenerator.exporter.json.series_filter' not found, using default value '' instead.
2021-12-07 05:00:19,760 INFO o.a.j.r.c.ReportGeneratorConfiguration: Property 'jmeter.reportgenerator.exporter.json.show_controllers_only' not found, using default value 'false' instead.
2021-12-07 05:00:19,761 INFO o.a.j.r.c.ReportGeneratorConfiguration: Property 'jmeter.reportgenerator.exporter.html.filters_only_sample_series' not found, using default value 'true' instead.
2021-12-07 05:00:19,761 INFO o.a.j.r.c.ReportGeneratorConfiguration: Property 'jmeter.reportgenerator.exporter.html.series_filter' not found, using default value '' instead.
2021-12-07 05:00:19,761 INFO o.a.j.r.c.ReportGeneratorConfiguration: Property 'jmeter.reportgenerator.exporter.html.show_controllers_only' not found, using default value 'false' instead.
2021-12-07 05:00:19,959 INFO o.a.j.s.SaveService: Testplan (JMX) version: 2.2. Testlog (JTL) version: 2.2
2021-12-07 05:00:19,980 INFO o.a.j.s.SaveService: Using SaveService properties version 5.0
2021-12-07 05:00:19,984 INFO o.a.j.s.SaveService: Using SaveService properties file encoding UTF-8
2021-12-07 05:00:20,021 INFO o.a.j.r.p.NormalizerSampleConsumer: Using format, 'ms', to parse timeStamp field
2021-12-07 05:00:24,406 INFO o.a.j.r.p.AbstractSampleConsumer: class org.apache.jmeter.report.processor.AggregateConsumer#stopProducing(): beginDate produced 0 samples
2021-12-07 05:00:24,406 INFO o.a.j.r.p.AbstractSampleConsumer: class org.apache.jmeter.report.processor.AggregateConsumer#stopProducing(): endDate produced 0 samples
2021-12-07 05:00:24,409 INFO o.a.j.r.p.AbstractSampleConsumer: class org.apache.jmeter.report.processor.ApdexSummaryConsumer#stopProducing(): apdexSummary produced 0 samples
2021-12-07 05:00:24,409 INFO o.a.j.r.p.AbstractSampleConsumer: class org.apache.jmeter.report.processor.RequestsSummaryConsumer#stopProducing(): requestsSummary produced 0 samples
2021-12-07 05:00:24,426 INFO o.a.j.r.p.AbstractSampleConsumer: class org.apache.jmeter.report.processor.StatisticsSummaryConsumer#stopProducing(): statisticsSummary produced 0 samples
2021-12-07 05:00:24,430 INFO o.a.j.r.p.AbstractSampleConsumer: class org.apache.jmeter.report.processor.Top5ErrorsBySamplerConsumer#stopProducing(): top5ErrorsBySampler produced 0 samples
2021-12-07 05:00:24,431 INFO o.a.j.r.p.AbstractSampleConsumer: class org.apache.jmeter.report.processor.ErrorsSummaryConsumer#stopProducing(): errorsSummary produced 0 samples
2021-12-07 05:00:24,431 INFO o.a.j.r.p.AbstractSampleConsumer: class org.apache.jmeter.report.processor.graph.impl.HitsPerSecondGraphConsumer#stopProducing(): hitsPerSecond produced 0 samples
2021-12-07 05:00:25,234 INFO o.a.j.r.p.AbstractSampleConsumer: class org.apache.jmeter.report.processor.graph.impl.LatencyVSRequestGraphConsumer#stopProducing(): latencyVsRequest produced 0 samples
2021-12-07 05:00:25,251 INFO o.a.j.r.p.AbstractSampleConsumer: class org.apache.jmeter.report.processor.graph.impl.SyntheticResponseTimeDistributionGraphConsumer#stopProducing(): syntheticResponseTimeDistribution produced 0 samples
2021-12-07 05:00:25,251 INFO o.a.j.r.p.AbstractSampleConsumer: class org.apache.jmeter.report.processor.graph.impl.BytesThroughputGraphConsumer#stopProducing(): bytesThroughputOverTime produced 0 samples
2021-12-07 05:00:25,251 INFO o.a.j.r.p.AbstractSampleConsumer: class org.apache.jmeter.report.processor.graph.impl.CodesPerSecondGraphConsumer#stopProducing(): codesPerSecond produced 0 samples
2021-12-07 05:00:25,991 INFO o.a.j.r.p.AbstractSampleConsumer: class org.apache.jmeter.report.processor.graph.impl.ResponseTimeVSRequestGraphConsumer#stopProducing(): responseTimeVsRequest produced 0 samples
2021-12-07 05:00:25,996 INFO o.a.j.r.p.AbstractSampleConsumer: class org.apache.jmeter.report.processor.FilterConsumer#stopProducing(): startIntervalControlerFilter produced 1400000 samples
2021-12-07 05:00:25,996 INFO o.a.j.r.p.AbstractSampleConsumer: class org.apache.jmeter.report.processor.graph.impl.TotalTPSGraphConsumer#stopProducing(): totalTPS produced 0 samples
2021-12-07 05:00:25,997 INFO o.a.j.r.p.AbstractSampleConsumer: class org.apache.jmeter.report.processor.graph.impl.ActiveThreadsGraphConsumer#stopProducing(): activeThreadsOverTime produced 0 samples
2021-12-07 05:00:25,997 INFO o.a.j.r.p.AbstractSampleConsumer: class org.apache.jmeter.report.processor.graph.impl.TimeVSThreadGraphConsumer#stopProducing(): timeVsThreads produced 0 samples
2021-12-07 05:00:26,006 INFO o.a.j.r.p.AbstractSampleConsumer: class org.apache.jmeter.report.processor.graph.impl.ResponseTimeDistributionGraphConsumer#stopProducing(): responseTimeDistribution produced 0 samples
2021-12-07 05:00:26,007 INFO o.a.j.r.p.AbstractSampleConsumer: class org.apache.jmeter.report.processor.graph.impl.TransactionsPerSecondGraphConsumer#stopProducing(): transactionsPerSecond produced 0 samples
2021-12-07 05:00:26,007 INFO o.a.j.r.p.AbstractSampleConsumer: class org.apache.jmeter.report.processor.graph.impl.ResponseTimePercentilesGraphConsumer#stopProducing(): responseTimePercentiles produced 0 samples
2021-12-07 05:00:26,045 INFO o.a.j.r.p.AbstractSampleConsumer: class org.apache.jmeter.report.processor.graph.impl.ResponseTimePercentilesOverTimeGraphConsumer#stopProducing(): responseTimePercentilesOverTime produced 0 samples
2021-12-07 05:00:26,053 INFO o.a.j.r.p.AbstractSampleConsumer: class org.apache.jmeter.report.processor.graph.impl.ResponseTimeOverTimeGraphConsumer#stopProducing(): responseTimesOverTime produced 0 samples
2021-12-07 05:00:26,053 INFO o.a.j.r.p.AbstractSampleConsumer: class org.apache.jmeter.report.processor.graph.impl.ConnectTimeOverTimeGraphConsumer#stopProducing(): connectTimeOverTime produced 0 samples
2021-12-07 05:00:26,053 INFO o.a.j.r.p.AbstractSampleConsumer: class org.apache.jmeter.report.processor.graph.impl.LatencyOverTimeGraphConsumer#stopProducing(): latenciesOverTime produced 0 samples
2021-12-07 05:00:26,053 INFO o.a.j.r.p.AbstractSampleConsumer: class org.apache.jmeter.report.processor.FilterConsumer#stopProducing(): nameFilter produced 3000000 samples
2021-12-07 05:00:26,053 INFO o.a.j.r.p.AbstractSampleConsumer: class org.apache.jmeter.report.processor.FilterConsumer#stopProducing(): dateRangeFilter produced 600000 samples
2021-12-07 05:00:26,053 INFO o.a.j.r.p.AbstractSampleConsumer: class org.apache.jmeter.report.processor.NormalizerSampleConsumer#stopProducing(): normalizer produced 200000 samples
2021-12-07 05:00:26,054 INFO o.a.j.r.p.CsvFileSampleSource: produce(): 200000 samples produced in 6s 4 ms on channel 0
2021-12-07 05:00:26,054 INFO o.a.j.r.d.ReportGenerator: Exporting data using exporter:'json' of className:'org.apache.jmeter.report.dashboard.JsonExporter'
2021-12-07 05:00:26,189 INFO o.a.j.r.d.JsonExporter: Found data for consumer statisticsSummary in context
2021-12-07 05:00:26,189 INFO o.a.j.r.d.JsonExporter: Creating statistics for overall
2021-12-07 05:00:26,189 INFO o.a.j.r.d.JsonExporter: Creating statistics for other transactions
2021-12-07 05:00:26,190 INFO o.a.j.r.d.JsonExporter: Checking output folder
2021-12-07 05:00:26,191 INFO o.a.j.r.d.JsonExporter: Writing statistics JSON to /home/ikhsannetwork/stress-test/./ReportJmeterHTML_2/statistics.json
2021-12-07 05:00:26,234 INFO o.a.j.r.d.ReportGenerator: Exporting data using exporter:'html' of className:'org.apache.jmeter.report.dashboard.HtmlTemplateExporter'
2021-12-07 05:00:26,238 INFO o.a.j.r.d.HtmlTemplateExporter: Will generate dashboard in folder: /home/ikhsannetwork/stress-test/./ReportJmeterHTML_2
2021-12-07 05:00:26,407 INFO o.a.j.r.d.HtmlTemplateExporter: Report will be generated in: /home/ikhsannetwork/stress-test/./ReportJmeterHTML_2, creating folder structure
2021-12-07 05:00:26,411 INFO o.a.j.r.d.TemplateVisitor: Copying folder from '/home/ikhsannetwork/apache-jmeter-5.4.1/bin/report-template' to '/home/ikhsannetwork/stress-test/./ReportJmeterHTML_2', got message: /home/ikhsannetwork/stress-test/./ReportJmeterHTML_2, found non empty folder with following content [/home/ikhsannetwork/stress-test/./ReportJmeterHTML_2/statistics.json], will be ignored
